<?xml version="1.0" encoding="UTF-8"?>
<!-- Generated by org.testng.reporters.JUnitReportReporter -->
<testsuite hostname="DESKTOP-4QRLMTN" failures="0" tests="2" name="partice.Cross" time="0.033" errors="0" timestamp="2023-08-27T11:33:10 IST" skipped="0">
  <testcase classname="partice.Cross" name="testing" time="0.004"/>
  <testcase classname="partice.Cross" name="testing" time="0.029"/>
</testsuite> <!-- partice.Cross -->
