<?xml version="1.0" encoding="UTF-8"?>
<!-- Generated by org.testng.reporters.JUnitReportReporter -->
<testsuite hostname="DESKTOP-4QRLMTN" failures="0" tests="2" name="partice.windows" time="13.604" errors="0" timestamp="2023-08-24T13:08:08 IST" skipped="0">
  <testcase classname="partice.windows" name="test" time="6.120"/>
  <testcase classname="partice.windows" name="test" time="7.484"/>
</testsuite> <!-- partice.windows -->
