<?xml version="1.0" encoding="UTF-8"?>
<!-- Generated by org.testng.reporters.JUnitReportReporter -->
<testsuite hostname="DESKTOP-4QRLMTN" failures="0" tests="1" name="partice.Login" time="9.064" errors="0" timestamp="2023-08-27T11:29:55 IST" skipped="0">
  <testcase classname="partice.Login" name="login" time="9.064"/>
</testsuite> <!-- partice.Login -->
