<?xml version="1.0" encoding="UTF-8"?>
<!-- Generated by org.testng.reporters.JUnitReportReporter -->
<testsuite hostname="DESKTOP-4QRLMTN" failures="0" tests="2" name="utils.test" time="22.562" errors="0" timestamp="2023-09-02T07:53:05 IST" skipped="0">
  <testcase classname="utils.test" name="testing" time="12.410"/>
  <testcase classname="utils.test" name="testing" time="10.152"/>
</testsuite> <!-- utils.test -->
