<?xml version="1.0" encoding="UTF-8"?>
<!-- Generated by org.testng.reporters.JUnitReportReporter -->
<testsuite hostname="DESKTOP-4QRLMTN" failures="0" tests="1" name="com.selenium.TestNg.TestNew" time="8.369" errors="0" timestamp="2023-08-15T11:11:01 IST" skipped="0">
  <testcase classname="com.selenium.TestNg.TestNew" name="testone" time="8.369"/>
</testsuite> <!-- com.selenium.TestNg.TestNew -->
