<?xml version="1.0" encoding="UTF-8"?>
<!-- Generated by org.testng.reporters.JUnitReportReporter -->
<testsuite hostname="SESHUBABU" name="partice.H" tests="2" failures="0" timestamp="7 Jul 2023 03:19:52 GMT" time="0.125" errors="0">
  <testcase name="testtwo" time="0.015" classname="partice.H"/>
  <testcase name="testone" time="0.110" classname="partice.H"/>
</testsuite> <!-- partice.H -->
