<?xml version="1.0" encoding="UTF-8"?>
<!-- Generated by org.testng.reporters.JUnitReportReporter -->
<testsuite hostname="DESKTOP-4QRLMTN" failures="0" tests="4" name="pageobjects.test" time="17.543" errors="0" timestamp="2023-10-20T12:51:50 IST" skipped="0">
  <testcase classname="pageobjects.test" name="forwarddatepicker" time="5.648"/>
  <testcase classname="pageobjects.test" name="forwarddatepicker" time="4.186"/>
  <testcase classname="pageobjects.test" name="Backdatepicker" time="3.525"/>
  <testcase classname="pageobjects.test" name="Backdatepicker" time="4.184"/>
</testsuite> <!-- pageobjects.test -->
