<?xml version="1.0" encoding="UTF-8"?>
<!-- Generated by org.testng.reporters.JUnitReportReporter -->
<testsuite hostname="DESKTOP-4QRLMTN" failures="0" tests="2" name="ReadingDataFromEcel.testclass" time="26.052" errors="0" timestamp="2023-09-15T06:53:13 IST" skipped="0">
  <testcase classname="ReadingDataFromEcel.testclass" name="testing" time="15.849"/>
  <testcase classname="ReadingDataFromEcel.testclass" name="testing" time="10.203"/>
</testsuite> <!-- ReadingDataFromEcel.testclass -->
