<?xml version="1.0" encoding="UTF-8"?>
<!-- Generated by org.testng.reporters.JUnitReportReporter -->
<testsuite hostname="DESKTOP-4QRLMTN" failures="0" tests="2" name="ReadingDataFromEcel.testclass" time="25.271" errors="0" timestamp="2023-10-01T05:43:29 IST" skipped="0">
  <testcase classname="ReadingDataFromEcel.testclass" name="testing" time="16.563"/>
  <testcase classname="ReadingDataFromEcel.testclass" name="testing" time="8.708"/>
</testsuite> <!-- ReadingDataFromEcel.testclass -->
