<?xml version="1.0" encoding="UTF-8"?>
<!-- Generated by org.testng.reporters.JUnitReportReporter -->
<testsuite hostname="SESHUBABU" name="com.selenium.mouseactions.Keysactions" tests="1" failures="0" timestamp="24 Jul 2023 09:55:50 GMT" time="15.275" errors="0">
  <testcase name="keystest" time="15.275" classname="com.selenium.mouseactions.Keysactions"/>
</testsuite> <!-- com.selenium.mouseactions.Keysactions -->
