<?xml version="1.0" encoding="UTF-8"?>
<!-- Generated by org.testng.reporters.JUnitReportReporter -->
<testsuite hostname="DESKTOP-4QRLMTN" failures="0" tests="4" name="partice.provider" time="45.599" errors="0" timestamp="2023-09-01T18:00:21 IST" skipped="0">
  <testcase classname="partice.provider" name="datagetting" time="10.711"/>
  <testcase classname="partice.provider" name="datagetting" time="11.609"/>
  <testcase classname="partice.provider" name="datagetting" time="13.521"/>
  <testcase classname="partice.provider" name="datagetting" time="9.758"/>
</testsuite> <!-- partice.provider -->
