<?xml version="1.0" encoding="UTF-8"?>
<!-- Generated by org.testng.reporters.JUnitReportReporter -->
<testsuite hostname="DESKTOP-4QRLMTN" failures="0" tests="2" name="partice.ReadingData" time="27.128" errors="0" timestamp="2023-09-02T10:33:35 IST" skipped="0">
  <testcase classname="partice.ReadingData" name="ddata" time="15.472"/>
  <testcase classname="partice.ReadingData" name="ddata" time="11.656"/>
</testsuite> <!-- partice.ReadingData -->
