<?xml version="1.0" encoding="UTF-8"?>
<!-- Generated by org.testng.reporters.JUnitReportReporter -->
<testsuite hostname="DESKTOP-4QRLMTN" failures="0" tests="2" name="partice.testing" time="12.960" errors="0" timestamp="2023-08-11T06:51:28 IST" skipped="0">
  <testcase classname="partice.testing" name="testone" time="12.946"/>
  <testcase classname="partice.testing" name="testone" time="0.014"/>
</testsuite> <!-- partice.testing -->
