<?xml version="1.0" encoding="UTF-8"?>
<!-- Generated by org.testng.reporters.JUnitReportReporter -->
<testsuite hostname="SESHUBABU" name="com.selenium.mouseactions.Keysactions" tests="1" failures="0" timestamp="21 Jul 2023 10:27:02 GMT" time="13.605" errors="0">
  <testcase name="keystest" time="13.605" classname="com.selenium.mouseactions.Keysactions"/>
</testsuite> <!-- com.selenium.mouseactions.Keysactions -->
