<?xml version="1.0" encoding="UTF-8"?>
<!-- Generated by org.testng.reporters.JUnitReportReporter -->
<testsuite hostname="DESKTOP-4QRLMTN" failures="0" tests="2" name="ReadingDataFromEcel.testclass" time="26.996" errors="0" timestamp="2023-09-03T16:48:38 IST" skipped="0">
  <testcase classname="ReadingDataFromEcel.testclass" name="testing" time="11.107"/>
  <testcase classname="ReadingDataFromEcel.testclass" name="testing" time="15.889"/>
</testsuite> <!-- ReadingDataFromEcel.testclass -->
