<?xml version="1.0" encoding="UTF-8"?>
<!-- Generated by org.testng.reporters.JUnitReportReporter -->
<testsuite hostname="SESHU" failures="0" tests="1" name="partice.Array" time="7.486" errors="0" timestamp="2024-03-13T12:33:41 IST" skipped="0">
  <testcase classname="partice.Array" name="test" time="7.486"/>
</testsuite> <!-- partice.Array -->
