<?xml version="1.0" encoding="UTF-8"?>
<!-- Generated by org.testng.reporters.JUnitReportReporter -->
<testsuite hostname="DESKTOP-4QRLMTN" failures="0" tests="1" name="partice.Testingok" time="21.520" errors="0" timestamp="2024-01-24T07:40:28 IST" skipped="0">
  <testcase classname="partice.Testingok" name="test" time="21.520"/>
</testsuite> <!-- partice.Testingok -->
