<?xml version="1.0" encoding="UTF-8"?>
<!-- Generated by org.testng.reporters.JUnitReportReporter -->
<testsuite hostname="DESKTOP-4QRLMTN" failures="0" tests="1" name="partice.framesa" time="9.675" errors="0" timestamp="2023-08-15T13:39:11 IST" skipped="0">
  <testcase classname="partice.framesa" name="test" time="9.675"/>
</testsuite> <!-- partice.framesa -->
