<?xml version="1.0" encoding="UTF-8"?>
<!-- Generated by org.testng.reporters.JUnitReportReporter -->
<testsuite hostname="DESKTOP-4QRLMTN" failures="0" tests="1" name="partice.a" time="7.296" errors="0" timestamp="2023-09-05T16:21:03 IST" skipped="0">
  <testcase classname="partice.a" name="testing" time="7.296"/>
</testsuite> <!-- partice.a -->
