<?xml version="1.0" encoding="UTF-8"?>
<!-- Generated by org.testng.reporters.JUnitReportReporter -->
<testsuite hostname="DESKTOP-4QRLMTN" failures="0" tests="1" name="partice.a" time="15.704" errors="0" timestamp="2023-09-28T11:41:51 IST" skipped="0">
  <testcase classname="partice.a" name="main" time="15.704"/>
</testsuite> <!-- partice.a -->
