<?xml version="1.0" encoding="UTF-8"?>
<!-- Generated by org.testng.reporters.JUnitReportReporter -->
<testsuite hostname="DESKTOP-4QRLMTN" failures="0" tests="1" name="partice.windows" time="5.253" errors="0" timestamp="2023-08-18T22:41:44 IST" skipped="0">
  <testcase classname="partice.windows" name="test" time="5.253"/>
</testsuite> <!-- partice.windows -->
